[debug] [2024-08-19T22:41:47.640Z] ----------------------------------------------------------------------
[debug] [2024-08-19T22:41:47.643Z] Command:       C:\Program Files\nodejs\node.exe C:\Users\Manvir\AppData\Roaming\npm\node_modules\firebase-tools\lib\bin\firebase.js init
[debug] [2024-08-19T22:41:47.644Z] CLI Version:   13.15.2
[debug] [2024-08-19T22:41:47.644Z] Platform:      win32
[debug] [2024-08-19T22:41:47.644Z] Node Version:  v22.5.1
[debug] [2024-08-19T22:41:47.644Z] Time:          Mon Aug 19 2024 18:41:47 GMT-0400 (Eastern Daylight Saving Time)
[debug] [2024-08-19T22:41:47.645Z] ----------------------------------------------------------------------
[debug] 
[debug] [2024-08-19T22:41:47.654Z] > command requires scopes: ["email","openid","https://www.googleapis.com/auth/cloudplatformprojects.readonly","https://www.googleapis.com/auth/firebase","https://www.googleapis.com/auth/cloud-platform"]
[debug] [2024-08-19T22:41:47.654Z] > authorizing via signed-in user (manvirkaur2121@gmail.com)
[info] 
     ######## #### ########  ######## ########     ###     ######  ########
     ##        ##  ##     ## ##       ##     ##  ##   ##  ##       ##
     ######    ##  ########  ######   ########  #########  ######  ######
     ##        ##  ##    ##  ##       ##     ## ##     ##       ## ##
     ##       #### ##     ## ######## ########  ##     ##  ######  ########

You're about to initialize a Firebase project in this directory:

  C:\Users\Manvir\Desktop\sem 4\Implementation of web app\twitter-next.js\twitter-next.js

[info] 
=== Project Setup
[info] 
[info] First, let's associate this project directory with a Firebase project.
[info] You can create multiple project aliases by running firebase use --add, 
[info] but for now we'll just set up a default project.
[info] 
[debug] [2024-08-19T22:42:12.867Z] > refreshing access token with scopes: []
[debug] [2024-08-19T22:42:12.872Z] >>> [apiv2][query] POST https://www.googleapis.com/oauth2/v3/token [none]
[debug] [2024-08-19T22:42:12.872Z] >>> [apiv2][body] POST https://www.googleapis.com/oauth2/v3/token [omitted]
[debug] [2024-08-19T22:42:13.190Z] <<< [apiv2][status] POST https://www.googleapis.com/oauth2/v3/token 200
[debug] [2024-08-19T22:42:13.190Z] <<< [apiv2][body] POST https://www.googleapis.com/oauth2/v3/token [omitted]
[debug] [2024-08-19T22:42:13.215Z] >>> [apiv2][query] GET https://firebase.googleapis.com/v1beta1/projects pageSize=100
[debug] [2024-08-19T22:42:13.586Z] <<< [apiv2][status] GET https://firebase.googleapis.com/v1beta1/projects 200
[debug] [2024-08-19T22:42:13.586Z] <<< [apiv2][body] GET https://firebase.googleapis.com/v1beta1/projects [omitted]
[info] i  Using project twitter-next-js-1c407 (twitter-next-js) 
[info] 
=== Hosting Setup
[debug] [2024-08-19T22:42:17.677Z] >>> [apiv2][query] GET https://firebase.googleapis.com/v1beta1/projects/twitter-next-js-1c407 [none]
[debug] [2024-08-19T22:42:17.917Z] <<< [apiv2][status] GET https://firebase.googleapis.com/v1beta1/projects/twitter-next-js-1c407 200
[debug] [2024-08-19T22:42:17.917Z] <<< [apiv2][body] GET https://firebase.googleapis.com/v1beta1/projects/twitter-next-js-1c407 {"projectId":"twitter-next-js-1c407","projectNumber":"577149634752","displayName":"twitter-next-js","name":"projects/twitter-next-js-1c407","resources":{"hostingSite":"twitter-next-js-1c407","storageBucket":"twitter-next-js-1c407.appspot.com","locationId":"us-central"},"state":"ACTIVE","etag":"1_29a5c464-f75a-4960-8454-90164587be31"}
[info] 
[info] Your public directory is the folder (relative to your project directory) that
[info] will contain Hosting assets to be uploaded with firebase deploy. If you
[info] have a build process for your assets, use your build's output directory.
[info] 
[debug] [2024-08-19T22:42:30.016Z] >>> [apiv2][query] GET https://www.gstatic.com/firebasejs/releases.json [none]
[debug] [2024-08-19T22:42:30.242Z] <<< [apiv2][status] GET https://www.gstatic.com/firebasejs/releases.json 200
[debug] [2024-08-19T22:42:30.242Z] <<< [apiv2][body] GET https://www.gstatic.com/firebasejs/releases.json {"current":{"version":"10.13.0","browserURL":"https://www.gstatic.com/firebasejs/10.13.0/firebase.js","packageURL":"https://www.gstatic.com/firebasejs/10.13.0/firebase.tgz"},"live":{"version":"10.13","browserURL":"https://www.gstatic.com/firebasejs/live/10.13/firebase.js","packageURL":"https://www.gstatic.com/firebasejs/live/10.13/firebase.tgz"},"components":{"analytics":"https://www.gstatic.com/firebasejs/10.13.0/firebase-analytics.js","app":"https://www.gstatic.com/firebasejs/10.13.0/firebase-app.js","app-check":"https://www.gstatic.com/firebasejs/10.13.0/firebase-app-check.js","auth":"https://www.gstatic.com/firebasejs/10.13.0/firebase-auth.js","auth/cordova":"https://www.gstatic.com/firebasejs/10.13.0/firebase-auth/cordova.js","auth/web-extension":"https://www.gstatic.com/firebasejs/10.13.0/firebase-auth/web-extension.js","functions":"https://www.gstatic.com/firebasejs/10.13.0/firebase-functions.js","firestore":"https://www.gstatic.com/firebasejs/10.13.0/firebase-firestore.js","firestore/lite":"https://www.gstatic.com/firebasejs/10.13.0/firebase-firestore/lite.js","installations":"https://www.gstatic.com/firebasejs/10.13.0/firebase-installations.js","storage":"https://www.gstatic.com/firebasejs/10.13.0/firebase-storage.js","performance":"https://www.gstatic.com/firebasejs/10.13.0/firebase-performance.js","remote-config":"https://www.gstatic.com/firebasejs/10.13.0/firebase-remote-config.js","messaging":"https://www.gstatic.com/firebasejs/10.13.0/firebase-messaging.js","messaging/sw":"https://www.gstatic.com/firebasejs/10.13.0/firebase-messaging/sw.js","database":"https://www.gstatic.com/firebasejs/10.13.0/firebase-database.js","vertexai-preview":"https://www.gstatic.com/firebasejs/10.13.0/firebase-vertexai-preview.js","firestore.memory":"https://www.gstatic.com/firebasejs/10.13.0/firebase-firestore.memory.js"}}
[info] +  Wrote public/index.html 
[info] 
[info] i  Didn't detect a .git folder. Assuming C:\Users\Manvir\Desktop\sem 4\Implementation of web app\twitter-next.js\twitter-next.js is the project root. 
[info] i  Authorizing with GitHub to upload your service account to a GitHub repository's secrets store. 
[info] 
[info] Visit this URL on this device to log in:
[info] https://github.com/login/oauth/authorize?client_id=89cf50f02ac6aaed3484&state=752113719&redirect_uri=http%3A%2F%2Flocalhost%3A9005&scope=read%3Auser%20repo%20public_repo
[info] 
[info] Waiting for authentication...
